<?xml version="1.0" encoding="UTF-8"?>
<!-- Generated by org.testng.reporters.JUnitXMLReporter -->
<testsuite ignored="7" hostname="DESKTOP-CP37DLD" failures="0" tests="1" name="Default test" time="6.574" errors="0" timestamp="2023-06-06T20:19:07 AST">
  <testcase classname="test.HerkoInternetApp" name="HandleFrameSwitching" time="6.531"/>
  <testcase classname="test.HerkoInternetApp" name="HandleAlertTestcasesSendText" time="0.0">
    <ignored/>
  </testcase> <!-- HandleAlertTestcasesSendText -->
  <testcase classname="test.HerkoInternetApp" name="HandleAlertTestcasesTwoPromot" time="0.0">
    <ignored/>
  </testcase> <!-- HandleAlertTestcasesTwoPromot -->
  <testcase classname="test.HerkoInternetApp" name="HandleAlertTestcases" time="0.0">
    <ignored/>
  </testcase> <!-- HandleAlertTestcases -->
  <testcase classname="test.HerkoInternetApp" name="ClickKeysTestcases" time="0.0">
    <ignored/>
  </testcase> <!-- ClickKeysTestcases -->
  <testcase classname="test.HerkoInternetApp" name="HandleAlertTestcasesTwoChocic" time="0.0">
    <ignored/>
  </testcase> <!-- HandleAlertTestcasesTwoChocic -->
  <testcase classname="test.HerkoInternetApp" name="ClickKeysTestSlider" time="0.0">
    <ignored/>
  </testcase> <!-- ClickKeysTestSlider -->
  <testcase classname="test.HerkoInternetApp" name="HandleFileUpload" time="0.0">
    <ignored/>
  </testcase> <!-- HandleFileUpload -->
</testsuite> <!-- Default test -->
