<?xml version="1.0" encoding="UTF-8"?>
<!-- Generated by org.testng.reporters.JUnitXMLReporter -->
<testsuite ignored="0" hostname="16-06-005" failures="0" tests="10" name="Default test" time="118.496" errors="0" timestamp="2023-06-07T12:18:44 EET">
  <testcase classname="test.HerkoInternetApp" name="ClickKeysTestSlider" time="13.622"/>
  <testcase classname="test.HerkoInternetApp" name="ClickKeysTestcases" time="10.292"/>
  <testcase classname="test.HerkoInternetApp" name="HandleAlertTestcases" time="8.337"/>
  <testcase classname="test.HerkoInternetApp" name="HandleAlertTestcasesSendText" time="12.167"/>
  <testcase classname="test.HerkoInternetApp" name="HandleAlertTestcasesTwoChocic" time="11.809"/>
  <testcase classname="test.HerkoInternetApp" name="HandleAlertTestcasesTwoPromot" time="7.362"/>
  <testcase classname="test.HerkoInternetApp" name="HandleDynamicLoading" time="15.572"/>
  <testcase classname="test.HerkoInternetApp" name="HandleFileUpload" time="10.326"/>
  <testcase classname="test.HerkoInternetApp" name="HandleFrameSwitching" time="13.779"/>
  <testcase classname="test.HerkoInternetApp" name="HandleNavgation" time="15.146"/>
</testsuite> <!-- Default test -->
