<?xml version="1.0" encoding="UTF-8"?>
<!-- Generated by org.testng.reporters.JUnitXMLReporter -->
<testsuite ignored="0" hostname="DESKTOP-CP37DLD" failures="0" tests="10" name="Test3" time="100.21" errors="0" timestamp="2023-06-06T21:15:42 AST">
  <testcase classname="test.HerkoInternetApp" name="ClickKeysTestSlider" time="7.566"/>
  <testcase classname="test.HerkoInternetApp" name="ClickKeysTestcases" time="4.578"/>
  <testcase classname="test.HerkoInternetApp" name="HandleAlertTestcases" time="4.302"/>
  <testcase classname="test.HerkoInternetApp" name="HandleAlertTestcasesSendText" time="4.14"/>
  <testcase classname="test.HerkoInternetApp" name="HandleAlertTestcasesTwoChocic" time="16.728"/>
  <testcase classname="test.HerkoInternetApp" name="HandleAlertTestcasesTwoPromot" time="11.401"/>
  <testcase classname="test.HerkoInternetApp" name="HandleDynamicLoading" time="16.215"/>
  <testcase classname="test.HerkoInternetApp" name="HandleFileUpload" time="9.625"/>
  <testcase classname="test.HerkoInternetApp" name="HandleFrameSwitching" time="12.986"/>
  <testcase classname="test.HerkoInternetApp" name="HandleNavgation" time="12.631"/>
</testsuite> <!-- Test3 -->
