<?xml version="1.0" encoding="UTF-8"?>
<!-- Generated by org.testng.reporters.JUnitXMLReporter -->
<testsuite ignored="1" hostname="DESKTOP-CP37DLD" failures="0" tests="2" name="Test" time="8.231" errors="0" timestamp="2023-06-03T17:28:56 AST">
  <testcase classname="test.SauceLabstestCases" name="navigateSacuceLabsHomepage2" time="4.945"/>
  <testcase classname="test.SauceLabstestCases" name="navigateSacuceLabsHomepage3" time="3.226"/>
  <testcase classname="test.SauceLabstestCases" name="navigateSacuceLabsHomepage" time="0.0">
    <ignored/>
  </testcase> <!-- navigateSacuceLabsHomepage -->
</testsuite> <!-- Test -->
