<?xml version="1.0" encoding="UTF-8"?>
<testng-results ignored="1" total="3" passed="2" failed="0" skipped="0">
  <reporter-output>
  </reporter-output>
  <suite started-at="2023-06-03T17:28:48 AST" name="Suite" finished-at="2023-06-03T17:28:56 AST" duration-ms="8231">
    <groups>
      <group name="Sanity">
        <method signature="SauceLabstestCases.navigateSacuceLabsHomepage3()[pri:0, instance:test.SauceLabstestCases@3c7f66c4]" name="navigateSacuceLabsHomepage3" class="test.SauceLabstestCases"/>
      </group> <!-- Sanity -->
      <group name="Regression">
        <method signature="SauceLabstestCases.navigateSacuceLabsHomepage2()[pri:0, instance:test.SauceLabstestCases@3c7f66c4]" name="navigateSacuceLabsHomepage2" class="test.SauceLabstestCases"/>
        <method signature="SauceLabstestCases.navigateSacuceLabsHomepage3()[pri:0, instance:test.SauceLabstestCases@3c7f66c4]" name="navigateSacuceLabsHomepage3" class="test.SauceLabstestCases"/>
      </group> <!-- Regression -->
    </groups>
    <test started-at="2023-06-03T17:28:48 AST" name="Test" finished-at="2023-06-03T17:28:56 AST" duration-ms="8231">
      <class name="test.SauceLabstestCases">
        <test-method signature="navigateSacuceLabsHomepage2()[pri:0, instance:test.SauceLabstestCases@3c7f66c4]" started-at="2023-06-03T17:28:48 AST" name="navigateSacuceLabsHomepage2" finished-at="2023-06-03T17:28:53 AST" duration-ms="4945" status="PASS">
          <reporter-output>
          </reporter-output>
        </test-method> <!-- navigateSacuceLabsHomepage2 -->
        <test-method signature="navigateSacuceLabsHomepage3()[pri:0, instance:test.SauceLabstestCases@3c7f66c4]" started-at="2023-06-03T17:28:53 AST" name="navigateSacuceLabsHomepage3" finished-at="2023-06-03T17:28:56 AST" duration-ms="3226" status="PASS">
          <reporter-output>
          </reporter-output>
        </test-method> <!-- navigateSacuceLabsHomepage3 -->
      </class> <!-- test.SauceLabstestCases -->
    </test> <!-- Test -->
  </suite> <!-- Suite -->
</testng-results>
