<?xml version="1.0" encoding="UTF-8"?>
<testng-results ignored="5" total="6" passed="1" failed="0" skipped="0">
  <reporter-output>
  </reporter-output>
  <suite started-at="2023-06-06T18:06:24 AST" name="Default suite" finished-at="2023-06-06T18:06:29 AST" duration-ms="5223">
    <groups>
    </groups>
    <test started-at="2023-06-06T18:06:24 AST" name="Default test" finished-at="2023-06-06T18:06:29 AST" duration-ms="5223">
      <class name="test.HerkoInternetApp">
        <test-method signature="HandleAlertTestcasesSendText()[pri:0, instance:test.HerkoInternetApp@194bcebf]" started-at="2023-06-06T18:06:24 AST" name="HandleAlertTestcasesSendText" finished-at="2023-06-06T18:06:29 AST" duration-ms="5174" status="PASS">
          <reporter-output>
          </reporter-output>
        </test-method> <!-- HandleAlertTestcasesSendText -->
      </class> <!-- test.HerkoInternetApp -->
    </test> <!-- Default test -->
  </suite> <!-- Default suite -->
</testng-results>
