<?xml version="1.0" encoding="UTF-8"?>
<testng-results ignored="1" total="2" passed="1" failed="0" skipped="0">
  <reporter-output>
  </reporter-output>
  <suite started-at="2023-06-17T01:14:19 AST" name="Default suite" finished-at="2023-06-17T01:14:56 AST" duration-ms="36928">
    <groups>
    </groups>
    <test started-at="2023-06-17T01:14:19 AST" name="Default test" finished-at="2023-06-17T01:14:56 AST" duration-ms="36928">
      <class name="mobileTests.MobileBaseTest">
        <test-method signature="setAppiuMethod2()[pri:0, instance:mobileTests.MobileBaseTest@316bcf94]" started-at="2023-06-17T01:14:19 AST" name="setAppiuMethod2" finished-at="2023-06-17T01:14:56 AST" duration-ms="36881" status="PASS">
          <reporter-output>
          </reporter-output>
        </test-method> <!-- setAppiuMethod2 -->
      </class> <!-- mobileTests.MobileBaseTest -->
    </test> <!-- Default test -->
  </suite> <!-- Default suite -->
</testng-results>
