<?xml version="1.0" encoding="UTF-8"?>
<testng-results ignored="7" total="8" passed="1" failed="0" skipped="0">
  <reporter-output>
  </reporter-output>
  <suite started-at="2023-06-06T20:19:00 AST" name="Default suite" finished-at="2023-06-06T20:19:07 AST" duration-ms="6574">
    <groups>
    </groups>
    <test started-at="2023-06-06T20:19:00 AST" name="Default test" finished-at="2023-06-06T20:19:07 AST" duration-ms="6574">
      <class name="test.HerkoInternetApp">
        <test-method signature="HandleFrameSwitching()[pri:0, instance:test.HerkoInternetApp@ffaa6af]" started-at="2023-06-06T20:19:00 AST" name="HandleFrameSwitching" finished-at="2023-06-06T20:19:07 AST" duration-ms="6531" status="PASS">
          <reporter-output>
          </reporter-output>
        </test-method> <!-- HandleFrameSwitching -->
      </class> <!-- test.HerkoInternetApp -->
    </test> <!-- Default test -->
  </suite> <!-- Default suite -->
</testng-results>
