<?xml version="1.0" encoding="UTF-8"?>
<testng-results ignored="6" total="7" passed="1" failed="0" skipped="0">
  <reporter-output>
  </reporter-output>
  <suite started-at="2023-06-06T18:43:58 AST" name="Default suite" finished-at="2023-06-06T18:44:04 AST" duration-ms="5596">
    <groups>
    </groups>
    <test started-at="2023-06-06T18:43:58 AST" name="Default test" finished-at="2023-06-06T18:44:04 AST" duration-ms="5596">
      <class name="test.HerkoInternetApp">
        <test-method signature="HandleFileUpload()[pri:0, instance:test.HerkoInternetApp@17497425]" started-at="2023-06-06T18:43:58 AST" name="HandleFileUpload" finished-at="2023-06-06T18:44:04 AST" duration-ms="5557" status="PASS">
          <reporter-output>
          </reporter-output>
        </test-method> <!-- HandleFileUpload -->
      </class> <!-- test.HerkoInternetApp -->
    </test> <!-- Default test -->
  </suite> <!-- Default suite -->
</testng-results>
