<?xml version="1.0" encoding="UTF-8"?>
<testng-results ignored="1" total="2" passed="1" failed="0" skipped="0">
  <reporter-output>
  </reporter-output>
  <suite started-at="2023-06-06T17:05:50 AST" name="Default suite" finished-at="2023-06-06T17:05:55 AST" duration-ms="5043">
    <groups>
    </groups>
    <test started-at="2023-06-06T17:05:50 AST" name="Default test" finished-at="2023-06-06T17:05:55 AST" duration-ms="5043">
      <class name="test.HerkoInternetApp">
        <test-method signature="ClickKeysTestSlider()[pri:0, instance:test.HerkoInternetApp@3ee37e5a]" started-at="2023-06-06T17:05:50 AST" name="ClickKeysTestSlider" finished-at="2023-06-06T17:05:55 AST" duration-ms="5004" status="PASS">
          <reporter-output>
          </reporter-output>
        </test-method> <!-- ClickKeysTestSlider -->
      </class> <!-- test.HerkoInternetApp -->
    </test> <!-- Default test -->
  </suite> <!-- Default suite -->
</testng-results>
