<?xml version="1.0" encoding="UTF-8"?>
<testng-results ignored="1" total="2" passed="1" failed="0" skipped="0">
  <reporter-output>
  </reporter-output>
  <suite started-at="2023-06-11T05:05:43 AST" name="Default suite" finished-at="2023-06-11T05:06:05 AST" duration-ms="22634">
    <groups>
    </groups>
    <test started-at="2023-06-11T05:05:43 AST" name="Default test" finished-at="2023-06-11T05:06:05 AST" duration-ms="22634">
      <class name="test.OrangeHRMTestCases">
        <test-method is-config="true" signature="Setup()[pri:0, instance:test.OrangeHRMTestCases@7db12bb6]" started-at="2023-06-11T05:05:43 AST" name="Setup" finished-at="2023-06-11T05:05:50 AST" duration-ms="7100" status="PASS">
          <reporter-output>
          </reporter-output>
        </test-method> <!-- Setup -->
        <test-method signature="createNewUserAccount()[pri:0, instance:test.OrangeHRMTestCases@7db12bb6]" started-at="2023-06-11T05:05:50 AST" name="createNewUserAccount" finished-at="2023-06-11T05:06:05 AST" duration-ms="15272" status="PASS">
          <reporter-output>
          </reporter-output>
        </test-method> <!-- createNewUserAccount -->
        <test-method is-config="true" signature="tearDown()[pri:0, instance:test.OrangeHRMTestCases@7db12bb6]" started-at="2023-06-11T05:06:05 AST" name="tearDown" finished-at="2023-06-11T05:06:05 AST" duration-ms="217" status="PASS">
          <reporter-output>
          </reporter-output>
        </test-method> <!-- tearDown -->
      </class> <!-- test.OrangeHRMTestCases -->
    </test> <!-- Default test -->
  </suite> <!-- Default suite -->
</testng-results>
