<?xml version="1.0" encoding="UTF-8"?>
<testng-results ignored="4" total="5" passed="1" failed="0" skipped="0">
  <reporter-output>
  </reporter-output>
  <suite started-at="2023-06-04T13:20:28 EET" name="Default suite" finished-at="2023-06-04T13:20:39 EET" duration-ms="10370">
    <groups>
      <group name="Sanity">
        <method signature="SauceLabstestCases.demoAutomationSite()[pri:0, instance:test.SauceLabstestCases@47af7f3d]" name="demoAutomationSite" class="test.SauceLabstestCases"/>
      </group> <!-- Sanity -->
      <group name="Regression">
        <method signature="SauceLabstestCases.demoAutomationSite()[pri:0, instance:test.SauceLabstestCases@47af7f3d]" name="demoAutomationSite" class="test.SauceLabstestCases"/>
      </group> <!-- Regression -->
    </groups>
    <test started-at="2023-06-04T13:20:28 EET" name="Default test" finished-at="2023-06-04T13:20:39 EET" duration-ms="10370">
      <class name="test.SauceLabstestCases">
        <test-method signature="demoAutomationSite()[pri:0, instance:test.SauceLabstestCases@47af7f3d]" started-at="2023-06-04T13:20:29 EET" name="demoAutomationSite" finished-at="2023-06-04T13:20:39 EET" duration-ms="10297" status="PASS">
          <reporter-output>
          </reporter-output>
        </test-method> <!-- demoAutomationSite -->
      </class> <!-- test.SauceLabstestCases -->
    </test> <!-- Default test -->
  </suite> <!-- Default suite -->
</testng-results>
