<?xml version="1.0" encoding="UTF-8"?>
<testng-results ignored="0" total="1" passed="1" failed="0" skipped="0">
  <reporter-output>
  </reporter-output>
  <suite started-at="2023-06-09T18:38:46 AST" name="Default suite" finished-at="2023-06-09T18:39:05 AST" duration-ms="19669">
    <groups>
    </groups>
    <test started-at="2023-06-09T18:38:46 AST" name="Default test" finished-at="2023-06-09T18:39:05 AST" duration-ms="19669">
      <class name="test.OrangeHRMTestCases">
        <test-method is-config="true" signature="Setup()[pri:0, instance:test.OrangeHRMTestCases@273e7444]" started-at="2023-06-09T18:38:46 AST" name="Setup" finished-at="2023-06-09T18:38:53 AST" duration-ms="7243" status="PASS">
          <reporter-output>
          </reporter-output>
        </test-method> <!-- Setup -->
        <test-method signature="navigationTestcases()[pri:0, instance:test.OrangeHRMTestCases@273e7444]" started-at="2023-06-09T18:38:53 AST" name="navigationTestcases" finished-at="2023-06-09T18:39:04 AST" duration-ms="11196" status="PASS">
          <reporter-output>
          </reporter-output>
        </test-method> <!-- navigationTestcases -->
        <test-method is-config="true" signature="tearDown()[pri:0, instance:test.OrangeHRMTestCases@273e7444]" started-at="2023-06-09T18:39:04 AST" name="tearDown" finished-at="2023-06-09T18:39:05 AST" duration-ms="1183" status="PASS">
          <reporter-output>
          </reporter-output>
        </test-method> <!-- tearDown -->
      </class> <!-- test.OrangeHRMTestCases -->
    </test> <!-- Default test -->
  </suite> <!-- Default suite -->
</testng-results>
