<?xml version="1.0" encoding="UTF-8"?>
<testng-results ignored="8" total="9" passed="1" failed="0" skipped="0">
  <reporter-output>
  </reporter-output>
  <suite started-at="2023-06-06T20:41:41 AST" name="Default suite" finished-at="2023-06-06T20:41:52 AST" duration-ms="10910">
    <groups>
    </groups>
    <test started-at="2023-06-06T20:41:41 AST" name="Default test" finished-at="2023-06-06T20:41:52 AST" duration-ms="10910">
      <class name="test.HerkoInternetApp">
        <test-method signature="HandleDynamicLoading()[pri:0, instance:test.HerkoInternetApp@53ce1329]" started-at="2023-06-06T20:41:41 AST" name="HandleDynamicLoading" finished-at="2023-06-06T20:41:52 AST" duration-ms="10874" status="PASS">
          <reporter-output>
          </reporter-output>
        </test-method> <!-- HandleDynamicLoading -->
      </class> <!-- test.HerkoInternetApp -->
    </test> <!-- Default test -->
  </suite> <!-- Default suite -->
</testng-results>
